[]
  [
, PLTR, AMAT, RBLX, ABNB, DASH, SHOP, ETSY]
    [, , ]
      [, , ]
        [, , ]
          [, , ]
            [, ]
              [, ]
            []
              []
    [
, , , , ]
      [
, , , , ]
        [, ]
          [, ]
            []
              []
            []
              []
        [
, , ]
          [, ]
            [, ]
              [, ]
          [
]
            [
]
              [
]
  [LYFT, FVRR]
    [, ]
      [, ]
        [, ]
          [, ]
            [, ]
              [, ]
