[]
  [
, ADBE, NVDA, ADSK, HOOD, GPRO, RBLX, ASML, BBWI]
    [, , ]
      [, , ]
        [, , ]
          [, , ]
            [, , ]
              [, , ]
                [, ]
                  [, ]
                []
                  []
    [
, , , , , ]
      [, , , , ]
        [, , , , ]
          [, , , , ]
            []
              []
                []
                  []
            [, , , ]
              [, , , ]
                []
                  []
                [, , ]
                  [, , ]
      [
]
        [
]
          [
]
            [
]
              [
]
                [
]
                  [
]
  [AMAT]
    []
      []
        []
          []
            []
              []
                []
                  []
